<?xml version="1.0" encoding="UTF-8"?>
<!-- Generated by org.testng.reporters.JUnitReportReporter -->
<testsuite hostname="DESKTOP-M9AORU3" failures="0" tests="2" name="com.ecom.testcases.test.SignInPageTest" time="45.296" errors="0" timestamp="2023-05-12T22:59:34 IST" skipped="0">
  <testcase classname="com.ecom.testcases.test.SignInPageTest" name="verifyEmailTextBoxIsEnabled" time="26.198"/>
  <system-out>
    <![CDATA[Email textbox is enabled true]]>
  </system-out>
  <testcase classname="com.ecom.testcases.test.SignInPageTest" name="verifyContinueButtonIsEnabled" time="19.098"/>
  <system-out/>
</testsuite> <!-- com.ecom.testcases.test.SignInPageTest -->
