<?xml version="1.0" encoding="UTF-8"?>
<!-- Generated by org.testng.reporters.JUnitReportReporter -->
<testsuite hostname="DESKTOP-M9AORU3" failures="0" tests="4" name="com.ecom.testcases.WelcomePageTest" time="6.780" errors="0" timestamp="2023-05-11T15:31:24 IST" skipped="0">
  <testcase classname="com.ecom.testcases.WelcomePageTest" name="verifyTitle" time="0.290"/>
  <system-out>
    <![CDATA[TC_001 The title is Online Shopping site in India: Shop Online for Mobiles, Books, Watches, Shoes and More - Amazon.in]]>
  </system-out>
  <testcase classname="com.ecom.testcases.WelcomePageTest" name="verifySignInButton" time="0.222"/>
  <system-out>
    <![CDATA[TC_002 Verify signIn button is selected true]]>
  </system-out>
  <testcase classname="com.ecom.testcases.WelcomePageTest" name="verifySignInClick" time="2.663"/>
  <system-out>
    <![CDATA[Verify the sign In page title Amazon Sign In]]>
  </system-out>
  <testcase classname="com.ecom.testcases.WelcomePageTest" name="verifySignInFunctionality" time="3.605"/>
  <system-out/>
</testsuite> <!-- com.ecom.testcases.WelcomePageTest -->
