<?xml version="1.0" encoding="UTF-8"?>
<!-- Generated by org.testng.reporters.JUnitReportReporter -->
<testsuite hostname="DESKTOP-M9AORU3" failures="0" tests="2" name="com.ecom.testcases.SignInPageTest" time="20.223" errors="0" timestamp="2023-05-11T15:31:24 IST" skipped="0">
  <testcase classname="com.ecom.testcases.SignInPageTest" name="verifyContinueButtonIsEnabled" time="12.613"/>
  <system-out>
    <![CDATA[Continue button is enabled true]]>
  </system-out>
  <testcase classname="com.ecom.testcases.SignInPageTest" name="verifyEmailTextBoxIsEnabled" time="7.610"/>
  <system-out>
    <![CDATA[Email textbox is enabled true]]>
  </system-out>
</testsuite> <!-- com.ecom.testcases.SignInPageTest -->
