<?xml version="1.0" encoding="UTF-8"?>
<!-- Generated by org.testng.reporters.JUnitReportReporter -->
<testsuite hostname="DESKTOP-M9AORU3" failures="0" tests="1" name="com.ecom.testcases.HomePageTest" time="0.024" errors="0" timestamp="2023-05-09T11:12:50 IST" skipped="0">
  <testcase classname="com.ecom.testcases.HomePageTest" name="testRun" time="0.024"/>
  <system-out>
    <![CDATA[This is just a test method in HomePageTest]]>
  </system-out>
</testsuite> <!-- com.ecom.testcases.HomePageTest -->
