<?xml version="1.0" encoding="UTF-8"?>
<!-- Generated by org.testng.reporters.JUnitReportReporter -->
<testsuite hostname="DESKTOP-M9AORU3" failures="0" tests="4" name="com.ecom.testcases.test.WelcomePageTest" time="44.297" errors="0" timestamp="2023-05-12T22:59:34 IST" skipped="0">
  <testcase classname="com.ecom.testcases.test.WelcomePageTest" name="verifyTitle" time="23.896"/>
  <system-out>
    <![CDATA[TC_001 The title is Online Shopping site in India: Shop Online for Mobiles, Books, Watches, Shoes and More - Amazon.in]]>
  </system-out>
  <testcase classname="com.ecom.testcases.test.WelcomePageTest" name="verifySignInButton" time="5.252"/>
  <system-out>
    <![CDATA[TC_002 Verify signIn button is selected true]]>
  </system-out>
  <testcase classname="com.ecom.testcases.test.WelcomePageTest" name="verifySignInClick" time="6.634"/>
  <system-out>
    <![CDATA[Verify the sign In page title Amazon Sign In]]>
  </system-out>
  <testcase classname="com.ecom.testcases.test.WelcomePageTest" name="verifySignInFunctionality" time="8.515"/>
  <system-out/>
</testsuite> <!-- com.ecom.testcases.test.WelcomePageTest -->
