<?xml version="1.0" encoding="UTF-8"?>
<!-- Generated by org.testng.reporters.JUnitReportReporter -->
<testsuite hostname="DESKTOP-M9AORU3" failures="0" tests="2" name="com.ecom.testcases.WelcomePageTest" time="6.184" errors="0" timestamp="2023-07-01T14:21:30 IST" skipped="0">
  <testcase classname="com.ecom.testcases.WelcomePageTest" name="verifyTitle" time="3.093"/>
  <system-out>
    <![CDATA[TC_001 The title is Online Shopping site in India: Shop Online for Mobiles, Books, Watches, Shoes and More - Amazon.in]]>
  </system-out>
  <testcase classname="com.ecom.testcases.WelcomePageTest" name="verifySignInButton" time="3.091"/>
  <system-out>
    <![CDATA[TC_002 Verify signIn button is selected true]]>
  </system-out>
</testsuite> <!-- com.ecom.testcases.WelcomePageTest -->
